<?xml version="1.0" encoding="UTF-8"?>
<!-- Generated by org.testng.reporters.JUnitReportReporter -->
<testsuite hostname="LAPTOP-N9QM1A3E" failures="0" tests="1" name="dsalgopages.Landingpage" time="2.318" errors="0" timestamp="2022-10-07T09:27:26 EDT" skipped="0">
  <testcase classname="dsalgopages.Landingpage" name="LandingpageTitle" time="2.318"/>
  <system-out/>
</testsuite> <!-- dsalgopages.Landingpage -->
