<?xml version="1.0" encoding="UTF-8"?>
<!-- Generated by org.testng.reporters.JUnitReportReporter -->
<testsuite hostname="LAPTOP-N9QM1A3E" failures="0" tests="5" name="Testcases.ArrayTest" time="28.377" errors="0" timestamp="2022-10-21T14:18:56 EDT" skipped="0">
  <testcase classname="Testcases.ArrayTest" name="arrayTest" time="9.175"/>
  <system-out/>
  <testcase classname="Testcases.ArrayTest" name="arrayList" time="2.541"/>
  <system-out/>
  <testcase classname="Testcases.ArrayTest" name="arraybasiuc" time="7.643"/>
  <system-out/>
  <testcase classname="Testcases.ArrayTest" name="arrayapp" time="6.591"/>
  <system-out/>
  <testcase classname="Testcases.ArrayTest" name="arrayPracQ" time="2.427"/>
  <system-out/>
</testsuite> <!-- Testcases.ArrayTest -->
