<?xml version="1.0" encoding="UTF-8"?>
<!-- Generated by org.testng.reporters.JUnitReportReporter -->
<testsuite hostname="LAPTOP-N9QM1A3E" failures="0" tests="6" name="Testcases.HomepageTest" time="8.553" errors="0" timestamp="2022-10-21T14:18:56 EDT" skipped="0">
  <testcase classname="Testcases.HomepageTest" name="TestDropDown" time="3.266"/>
  <system-out/>
  <testcase classname="Testcases.HomepageTest" name="GSGetstarted" time="0.252"/>
  <system-out/>
  <testcase classname="Testcases.HomepageTest" name="ArrGetstarted" time="0.276"/>
  <system-out/>
  <testcase classname="Testcases.HomepageTest" name="GraphGetstarted" time="0.263"/>
  <system-out/>
  <testcase classname="Testcases.HomepageTest" name="TestClickRegister" time="3.322"/>
  <system-out/>
  <testcase classname="Testcases.HomepageTest" name="TestClickSignin" time="1.174"/>
  <system-out/>
</testsuite> <!-- Testcases.HomepageTest -->
