<?xml version="1.0" encoding="UTF-8"?>
<!-- Generated by org.testng.reporters.JUnitReportReporter -->
<testsuite hostname="LAPTOP-N9QM1A3E" failures="0" tests="1" name="Testcases.LandingPageTest" time="0.315" errors="0" timestamp="2022-10-21T14:18:56 EDT" skipped="0">
  <testcase classname="Testcases.LandingPageTest" name="landingtest" time="0.315"/>
  <system-out/>
</testsuite> <!-- Testcases.LandingPageTest -->
