<?xml version="1.0" encoding="UTF-8"?>
<!-- Generated by org.testng.reporters.JUnitReportReporter -->
<testsuite hostname="LAPTOP-N9QM1A3E" failures="0" tests="3" name="Testcases.GraphpageTest" time="12.877" errors="0" timestamp="2022-10-21T14:18:56 EDT" skipped="0">
  <testcase classname="Testcases.GraphpageTest" name="arrayTest" time="5.963"/>
  <system-out/>
  <testcase classname="Testcases.GraphpageTest" name="Graphres" time="2.561"/>
  <system-out/>
  <testcase classname="Testcases.GraphpageTest" name="GraphpreQ" time="4.353"/>
  <system-out/>
</testsuite> <!-- Testcases.GraphpageTest -->
