<?xml version="1.0" encoding="UTF-8"?>
<!-- Generated by org.testng.reporters.JUnitReportReporter -->
<testsuite hostname="LAPTOP-N9QM1A3E" failures="0" tests="2" name="Testcases.loginpagetest" time="7.158" errors="0" timestamp="2022-10-21T14:18:56 EDT" skipped="0">
  <testcase classname="Testcases.loginpagetest" name="loginTestdd" time="6.225"/>
  <system-out/>
  <testcase classname="Testcases.loginpagetest" name="Loginsucess" time="0.933"/>
  <system-out/>
</testsuite> <!-- Testcases.loginpagetest -->
