<?xml version="1.0" encoding="UTF-8"?>
<!-- Generated by org.testng.reporters.JUnitReportReporter -->
<testsuite hostname="LAPTOP-N9QM1A3E" failures="0" tests="2" name="Testcases.DatastructureTest" time="16.606" errors="0" timestamp="2022-10-21T14:18:56 EDT" skipped="0">
  <testcase classname="Testcases.DatastructureTest" name="arrayTest" time="9.230"/>
  <system-out/>
  <testcase classname="Testcases.DatastructureTest" name="DatastruPracQ" time="7.376"/>
  <system-out/>
</testsuite> <!-- Testcases.DatastructureTest -->
