<?xml version="1.0" encoding="UTF-8"?>
<!-- Generated by org.testng.reporters.JUnitReportReporter -->
<testsuite hostname="LAPTOP-N9QM1A3E" failures="0" tests="8" name="Testcases.LLTest" time="15.146" errors="0" timestamp="2022-10-17T11:12:08 EDT" skipped="0">
  <testcase classname="Testcases.LLTest" name="LListTest" time="4.168"/>
  <system-out/>
  <testcase classname="Testcases.LLTest" name="CreateLL" time="1.601"/>
  <system-out/>
  <testcase classname="Testcases.LLTest" name="TypesofLL" time="1.572"/>
  <system-out/>
  <testcase classname="Testcases.LLTest" name="LLinpython" time="1.544"/>
  <system-out/>
  <testcase classname="Testcases.LLTest" name="LLdeletion" time="1.566"/>
  <system-out/>
  <testcase classname="Testcases.LLTest" name="LLInsertion" time="1.622"/>
  <system-out/>
  <testcase classname="Testcases.LLTest" name="LLTravelsal" time="1.529"/>
  <system-out/>
  <testcase classname="Testcases.LLTest" name="practiceQues" time="1.544"/>
  <system-out/>
</testsuite> <!-- Testcases.LLTest -->
